<?xml version="1.0" encoding="UTF-8"?>
<testsuite xmlns:xsi="http://www.w3.org/2001/XMLSchema-instance" xsi:noNamespaceSchemaLocation="https://maven.apache.org/surefire/maven-surefire-plugin/xsd/surefire-test-report.xsd" name="notesServer.controller.TestSessionController" time="0.484" tests="4" errors="0" skipped="0" failures="0">
  <properties>
[...]
</properties>
  <testcase name="loginUser" classname="notesServer.controller.TestSessionController" time="0.016"/>
  <testcase name="failLogoutUser" classname="notesServer.controller.TestSessionController" time="0.016"/>
  <testcase name="logoutUser" classname="notesServer.controller.TestSessionController" time="0"/>
  <testcase name="failLoginUser" classname="notesServer.controller.TestSessionController" time="0.015"/>
</testsuite>